<?xml version="1.0" encoding="UTF-8"?>
<!-- Generated by org.testng.reporters.JUnitReportReporter -->
<testsuite name="Test1.NG1" tests="1" time="48.079" ignored="0" failures="0" timestamp="11 Jan 2018 20:11:41 GMT" skipped="0" hostname="SRAVYA-0816" errors="0">
  <testcase name="f" time="48.079" classname="Test1.NG1"/>
</testsuite> <!-- Test1.NG1 -->
